   1              	# 0 "./src/definitions.s"
   2              	# 1 "C:\\Users\\roryw\\OneDrive\\Documents\\College\\ICS Year 1\\CSU11021 Intro to Computing\\2590-
   0              	
   0              	
   0              	
   1              	  .equ    GPIOE_BASE, 0x48001000
   2              	  .equ    GPIOE_MODER, (GPIOE_BASE + 0x00)
   3              	  .equ    GPIOE_OTYPER, (GPIOE_BASE + 0x04)
   4              	  .equ    GPIOE_OSPEEDR, (GPIOE_BASE + 0x08)
   5              	  .equ    GPIOE_PUPDR, (GPIOE_BASE + 0x0C)
   6              	  .equ    GPIOE_IDR, (GPIOE_BASE + 0x10)
   7              	  .equ    GPIOE_ODR, (GPIOE_BASE + 0x14)
   8              	  .equ    GPIOE_BSRR, (GPIOE_BASE + 0x18)
   9              	  .equ    GPIOE_LCKR, (GPIOE_BASE + 0x1C)
  10              	  .equ    GPIOE_AFRL, (GPIOE_BASE + 0x20)
  11              	  .equ    GPIOE_AFRH, (GPIOE_BASE + 0x24)
  12              	
  13              	  .equ    RCC_BASE, 0x40021000
  14              	  .equ    RCC_AHBENR, (RCC_BASE + 0x14)
  15              	  .equ    RCC_AHBENR_GPIOEEN_BIT, 21
  16              	
  17              	  .equ    SYSTICK_BASE, 0xE000E010
  18              	  .equ    SYSTICK_CSR, (SYSTICK_BASE + 0x00)
  19              	  .equ    SYSTICK_LOAD, (SYSTICK_BASE + 0x04)
  20              	  .equ    SYSTICK_VAL, (SYSTICK_BASE + 0x08)
  21              	
  22              	  .equ    SYSCFG_BASE, (0x40010000)
  23              	  .equ    SYSCFG_EXTIICR1, (SYSCFG_BASE + 0x08)
  24              	
  25              	  .equ    NVIC_ISER, 0xE000E100
  26              	
  27              	  .equ    EXTI_BASE, 0x40010400
  28              	  .equ    EXTI_IMR, (EXTI_BASE + 0x00)
  29              	  .equ    EXTI_RTSR, (EXTI_BASE + 0x08)
  30              	  .equ    EXTI_FTSR, (EXTI_BASE + 0x0C)
  31              	  .equ    EXTI_PR, (EXTI_BASE + 0x14)
  32              	
  33              	  .equ    LD3_PIN, 9
  34              	  .equ    LD4_PIN, 8
  35              	  .equ    LD5_PIN, 10
  36              	  .equ    LD6_PIN, 15
  37              	  .equ    LD7_PIN, 11
  38              	  .equ    LD8_PIN, 14
  39              	  .equ    LD9_PIN, 12
  40              	  .equ    LD10_PIN, 13
  41              	  
  42              	  .equ    SCB_BASE, 0xE000ED00
  43              	  .equ    SCB_ICSR, (SCB_BASE + 0x04)
  44              	  .equ    SCB_ICSR_PENDSTCLR, (1<<25)
DEFINED SYMBOLS
 ./src/definitions.s:1      *ABS*:0000000048001000 GPIOE_BASE
 ./src/definitions.s:2      *ABS*:0000000048001000 GPIOE_MODER
 ./src/definitions.s:3      *ABS*:0000000048001004 GPIOE_OTYPER
 ./src/definitions.s:4      *ABS*:0000000048001008 GPIOE_OSPEEDR
 ./src/definitions.s:5      *ABS*:000000004800100c GPIOE_PUPDR
 ./src/definitions.s:6      *ABS*:0000000048001010 GPIOE_IDR
 ./src/definitions.s:7      *ABS*:0000000048001014 GPIOE_ODR
 ./src/definitions.s:8      *ABS*:0000000048001018 GPIOE_BSRR
 ./src/definitions.s:9      *ABS*:000000004800101c GPIOE_LCKR
 ./src/definitions.s:10     *ABS*:0000000048001020 GPIOE_AFRL
 ./src/definitions.s:11     *ABS*:0000000048001024 GPIOE_AFRH
 ./src/definitions.s:13     *ABS*:0000000040021000 RCC_BASE
 ./src/definitions.s:14     *ABS*:0000000040021014 RCC_AHBENR
 ./src/definitions.s:15     *ABS*:0000000000000015 RCC_AHBENR_GPIOEEN_BIT
 ./src/definitions.s:17     *ABS*:00000000e000e010 SYSTICK_BASE
 ./src/definitions.s:18     *ABS*:00000000e000e010 SYSTICK_CSR
 ./src/definitions.s:19     *ABS*:00000000e000e014 SYSTICK_LOAD
 ./src/definitions.s:20     *ABS*:00000000e000e018 SYSTICK_VAL
 ./src/definitions.s:22     *ABS*:0000000040010000 SYSCFG_BASE
 ./src/definitions.s:23     *ABS*:0000000040010008 SYSCFG_EXTIICR1
 ./src/definitions.s:25     *ABS*:00000000e000e100 NVIC_ISER
 ./src/definitions.s:27     *ABS*:0000000040010400 EXTI_BASE
 ./src/definitions.s:28     *ABS*:0000000040010400 EXTI_IMR
 ./src/definitions.s:29     *ABS*:0000000040010408 EXTI_RTSR
 ./src/definitions.s:30     *ABS*:000000004001040c EXTI_FTSR
 ./src/definitions.s:31     *ABS*:0000000040010414 EXTI_PR
 ./src/definitions.s:33     *ABS*:0000000000000009 LD3_PIN
 ./src/definitions.s:34     *ABS*:0000000000000008 LD4_PIN
 ./src/definitions.s:35     *ABS*:000000000000000a LD5_PIN
 ./src/definitions.s:36     *ABS*:000000000000000f LD6_PIN
 ./src/definitions.s:37     *ABS*:000000000000000b LD7_PIN
 ./src/definitions.s:38     *ABS*:000000000000000e LD8_PIN
 ./src/definitions.s:39     *ABS*:000000000000000c LD9_PIN
 ./src/definitions.s:40     *ABS*:000000000000000d LD10_PIN
 ./src/definitions.s:42     *ABS*:00000000e000ed00 SCB_BASE
 ./src/definitions.s:43     *ABS*:00000000e000ed04 SCB_ICSR
 ./src/definitions.s:44     *ABS*:0000000002000000 SCB_ICSR_PENDSTCLR

NO UNDEFINED SYMBOLS
